<?xml version="1.0" encoding="UTF-8"?>
<testsuite xmlns:xsi="http://www.w3.org/2001/XMLSchema-instance" xsi:noNamespaceSchemaLocation="https://maven.apache.org/surefire/maven-surefire-plugin/xsd/surefire-test-report.xsd" name="com.example.DemoApplicationTests" time="2.894" tests="5" errors="0" skipped="0" failures="0">
  <properties>
    <property name="sun.desktop" value="windows"/>
    <property name="awt.toolkit" value="sun.awt.windows.WToolkit"/>
    <property name="file.encoding.pkg" value="sun.io"/>
    <property name="java.specification.version" value="1.8"/>
    <property name="sun.cpu.isalist" value="amd64"/>
    <property name="sun.jnu.encoding" value="GBK"/>
    <property name="java.class.path" value="E:\workspace\Idea_workspace\git_projects\demo\target\test-classes;E:\workspace\Idea_workspace\git_projects\demo\target\classes;D:\maven-repo\repo\org\springframework\boot\spring-boot-starter-thymeleaf\2.6.11\spring-boot-starter-thymeleaf-2.6.11.jar;D:\maven-repo\repo\org\springframework\boot\spring-boot-starter\2.6.11\spring-boot-starter-2.6.11.jar;D:\maven-repo\repo\org\springframework\boot\spring-boot-starter-logging\2.6.11\spring-boot-starter-logging-2.6.11.jar;D:\maven-repo\repo\ch\qos\logback\logback-classic\1.2.11\logback-classic-1.2.11.jar;D:\maven-repo\repo\ch\qos\logback\logback-core\1.2.11\logback-core-1.2.11.jar;D:\maven-repo\repo\org\apache\logging\log4j\log4j-to-slf4j\2.17.2\log4j-to-slf4j-2.17.2.jar;D:\maven-repo\repo\org\apache\logging\log4j\log4j-api\2.17.2\log4j-api-2.17.2.jar;D:\maven-repo\repo\org\slf4j\jul-to-slf4j\1.7.36\jul-to-slf4j-1.7.36.jar;D:\maven-repo\repo\jakarta\annotation\jakarta.annotation-api\1.3.5\jakarta.annotation-api-1.3.5.jar;D:\maven-repo\repo\org\yaml\snakeyaml\1.29\snakeyaml-1.29.jar;D:\maven-repo\repo\org\thymeleaf\thymeleaf-spring5\3.0.15.RELEASE\thymeleaf-spring5-3.0.15.RELEASE.jar;D:\maven-repo\repo\org\thymeleaf\thymeleaf\3.0.15.RELEASE\thymeleaf-3.0.15.RELEASE.jar;D:\maven-repo\repo\org\attoparser\attoparser\2.0.5.RELEASE\attoparser-2.0.5.RELEASE.jar;D:\maven-repo\repo\org\unbescape\unbescape\1.1.6.RELEASE\unbescape-1.1.6.RELEASE.jar;D:\maven-repo\repo\org\thymeleaf\extras\thymeleaf-extras-java8time\3.0.4.RELEASE\thymeleaf-extras-java8time-3.0.4.RELEASE.jar;D:\maven-repo\repo\org\springframework\boot\spring-boot-starter-web\2.6.11\spring-boot-starter-web-2.6.11.jar;D:\maven-repo\repo\org\springframework\boot\spring-boot-starter-json\2.6.11\spring-boot-starter-json-2.6.11.jar;D:\maven-repo\repo\com\fasterxml\jackson\core\jackson-databind\2.13.3\jackson-databind-2.13.3.jar;D:\maven-repo\repo\com\fasterxml\jackson\core\jackson-annotations\2.13.3\jackson-annotations-2.13.3.jar;D:\maven-repo\repo\com\fasterxml\jackson\core\jackson-core\2.13.3\jackson-core-2.13.3.jar;D:\maven-repo\repo\com\fasterxml\jackson\datatype\jackson-datatype-jdk8\2.13.3\jackson-datatype-jdk8-2.13.3.jar;D:\maven-repo\repo\com\fasterxml\jackson\datatype\jackson-datatype-jsr310\2.13.3\jackson-datatype-jsr310-2.13.3.jar;D:\maven-repo\repo\com\fasterxml\jackson\module\jackson-module-parameter-names\2.13.3\jackson-module-parameter-names-2.13.3.jar;D:\maven-repo\repo\org\springframework\boot\spring-boot-starter-tomcat\2.6.11\spring-boot-starter-tomcat-2.6.11.jar;D:\maven-repo\repo\org\apache\tomcat\embed\tomcat-embed-core\9.0.65\tomcat-embed-core-9.0.65.jar;D:\maven-repo\repo\org\apache\tomcat\embed\tomcat-embed-el\9.0.65\tomcat-embed-el-9.0.65.jar;D:\maven-repo\repo\org\apache\tomcat\embed\tomcat-embed-websocket\9.0.65\tomcat-embed-websocket-9.0.65.jar;D:\maven-repo\repo\org\springframework\spring-web\5.3.22\spring-web-5.3.22.jar;D:\maven-repo\repo\org\springframework\spring-beans\5.3.22\spring-beans-5.3.22.jar;D:\maven-repo\repo\org\springframework\spring-webmvc\5.3.22\spring-webmvc-5.3.22.jar;D:\maven-repo\repo\org\springframework\spring-aop\5.3.22\spring-aop-5.3.22.jar;D:\maven-repo\repo\org\springframework\spring-context\5.3.22\spring-context-5.3.22.jar;D:\maven-repo\repo\org\springframework\spring-expression\5.3.22\spring-expression-5.3.22.jar;D:\maven-repo\repo\mysql\mysql-connector-java\5.1.3\mysql-connector-java-5.1.3.jar;D:\maven-repo\repo\com\baomidou\mybatis-plus-boot-starter\3.5.1\mybatis-plus-boot-starter-3.5.1.jar;D:\maven-repo\repo\com\baomidou\mybatis-plus\3.5.1\mybatis-plus-3.5.1.jar;D:\maven-repo\repo\com\baomidou\mybatis-plus-extension\3.5.1\mybatis-plus-extension-3.5.1.jar;D:\maven-repo\repo\com\baomidou\mybatis-plus-core\3.5.1\mybatis-plus-core-3.5.1.jar;D:\maven-repo\repo\com\baomidou\mybatis-plus-annotation\3.5.1\mybatis-plus-annotation-3.5.1.jar;D:\maven-repo\repo\com\github\jsqlparser\jsqlparser\4.3\jsqlparser-4.3.jar;D:\maven-repo\repo\org\mybatis\mybatis\3.5.9\mybatis-3.5.9.jar;D:\maven-repo\repo\org\mybatis\mybatis-spring\2.0.6\mybatis-spring-2.0.6.jar;D:\maven-repo\repo\org\springframework\boot\spring-boot-autoconfigure\2.6.11\spring-boot-autoconfigure-2.6.11.jar;D:\maven-repo\repo\org\springframework\boot\spring-boot-starter-jdbc\2.6.11\spring-boot-starter-jdbc-2.6.11.jar;D:\maven-repo\repo\com\zaxxer\HikariCP\4.0.3\HikariCP-4.0.3.jar;D:\maven-repo\repo\org\springframework\spring-jdbc\5.3.22\spring-jdbc-5.3.22.jar;D:\maven-repo\repo\org\springframework\spring-tx\5.3.22\spring-tx-5.3.22.jar;D:\maven-repo\repo\com\alibaba\druid-spring-boot-starter\1.1.17\druid-spring-boot-starter-1.1.17.jar;D:\maven-repo\repo\com\alibaba\druid\1.1.17\druid-1.1.17.jar;D:\maven-repo\repo\org\slf4j\slf4j-api\1.7.36\slf4j-api-1.7.36.jar;D:\maven-repo\repo\org\springframework\boot\spring-boot-devtools\2.6.11\spring-boot-devtools-2.6.11.jar;D:\maven-repo\repo\org\springframework\boot\spring-boot\2.6.11\spring-boot-2.6.11.jar;D:\maven-repo\repo\org\springframework\boot\spring-boot-configuration-processor\2.6.11\spring-boot-configuration-processor-2.6.11.jar;D:\maven-repo\repo\org\projectlombok\lombok\1.18.24\lombok-1.18.24.jar;D:\maven-repo\repo\org\springframework\boot\spring-boot-starter-test\2.6.11\spring-boot-starter-test-2.6.11.jar;D:\maven-repo\repo\org\springframework\boot\spring-boot-test\2.6.11\spring-boot-test-2.6.11.jar;D:\maven-repo\repo\org\springframework\boot\spring-boot-test-autoconfigure\2.6.11\spring-boot-test-autoconfigure-2.6.11.jar;D:\maven-repo\repo\com\jayway\jsonpath\json-path\2.6.0\json-path-2.6.0.jar;D:\maven-repo\repo\net\minidev\json-smart\2.4.8\json-smart-2.4.8.jar;D:\maven-repo\repo\net\minidev\accessors-smart\2.4.8\accessors-smart-2.4.8.jar;D:\maven-repo\repo\org\ow2\asm\asm\9.1\asm-9.1.jar;D:\maven-repo\repo\jakarta\xml\bind\jakarta.xml.bind-api\2.3.3\jakarta.xml.bind-api-2.3.3.jar;D:\maven-repo\repo\jakarta\activation\jakarta.activation-api\1.2.2\jakarta.activation-api-1.2.2.jar;D:\maven-repo\repo\org\assertj\assertj-core\3.21.0\assertj-core-3.21.0.jar;D:\maven-repo\repo\org\hamcrest\hamcrest\2.2\hamcrest-2.2.jar;D:\maven-repo\repo\org\junit\jupiter\junit-jupiter\5.8.2\junit-jupiter-5.8.2.jar;D:\maven-repo\repo\org\junit\jupiter\junit-jupiter-api\5.8.2\junit-jupiter-api-5.8.2.jar;D:\maven-repo\repo\org\opentest4j\opentest4j\1.2.0\opentest4j-1.2.0.jar;D:\maven-repo\repo\org\junit\platform\junit-platform-commons\1.8.2\junit-platform-commons-1.8.2.jar;D:\maven-repo\repo\org\apiguardian\apiguardian-api\1.1.2\apiguardian-api-1.1.2.jar;D:\maven-repo\repo\org\junit\jupiter\junit-jupiter-params\5.8.2\junit-jupiter-params-5.8.2.jar;D:\maven-repo\repo\org\junit\jupiter\junit-jupiter-engine\5.8.2\junit-jupiter-engine-5.8.2.jar;D:\maven-repo\repo\org\junit\platform\junit-platform-engine\1.8.2\junit-platform-engine-1.8.2.jar;D:\maven-repo\repo\org\mockito\mockito-core\4.0.0\mockito-core-4.0.0.jar;D:\maven-repo\repo\net\bytebuddy\byte-buddy\1.11.22\byte-buddy-1.11.22.jar;D:\maven-repo\repo\net\bytebuddy\byte-buddy-agent\1.11.22\byte-buddy-agent-1.11.22.jar;D:\maven-repo\repo\org\objenesis\objenesis\3.2\objenesis-3.2.jar;D:\maven-repo\repo\org\mockito\mockito-junit-jupiter\4.0.0\mockito-junit-jupiter-4.0.0.jar;D:\maven-repo\repo\org\skyscreamer\jsonassert\1.5.1\jsonassert-1.5.1.jar;D:\maven-repo\repo\com\vaadin\external\google\android-json\0.0.20131108.vaadin1\android-json-0.0.20131108.vaadin1.jar;D:\maven-repo\repo\org\springframework\spring-core\5.3.22\spring-core-5.3.22.jar;D:\maven-repo\repo\org\springframework\spring-jcl\5.3.22\spring-jcl-5.3.22.jar;D:\maven-repo\repo\org\springframework\spring-test\5.3.22\spring-test-5.3.22.jar;D:\maven-repo\repo\org\xmlunit\xmlunit-core\2.8.4\xmlunit-core-2.8.4.jar;D:\maven-repo\repo\net\sf\json-lib\json-lib\2.4\json-lib-2.4-jdk15.jar;D:\maven-repo\repo\commons-beanutils\commons-beanutils\1.8.0\commons-beanutils-1.8.0.jar;D:\maven-repo\repo\commons-collections\commons-collections\3.2.1\commons-collections-3.2.1.jar;D:\maven-repo\repo\commons-lang\commons-lang\2.5\commons-lang-2.5.jar;D:\maven-repo\repo\commons-logging\commons-logging\1.1.1\commons-logging-1.1.1.jar;D:\maven-repo\repo\net\sf\ezmorph\ezmorph\1.0.6\ezmorph-1.0.6.jar;"/>
    <property name="java.vm.vendor" value="Oracle Corporation"/>
    <property name="sun.arch.data.model" value="64"/>
    <property name="user.variant" value=""/>
    <property name="java.vendor.url" value="http://java.oracle.com/"/>
    <property name="user.timezone" value="Asia/Shanghai"/>
    <property name="java.vm.specification.version" value="1.8"/>
    <property name="os.name" value="Windows 10"/>
    <property name="user.country" value="CN"/>
    <property name="sun.java.launcher" value="SUN_STANDARD"/>
    <property name="sun.boot.library.path" value="C:\Program Files\Java\jdk1.8.0_221\jre\bin"/>
    <property name="sun.java.command" value="C:\Users\ADMINI~1\AppData\Local\Temp\surefire4572857275767990953\surefirebooter5700376232715885653.jar C:\Users\Administrator\AppData\Local\Temp\surefire4572857275767990953 2022-09-23T17-40-55_241-jvmRun1 surefire4314804529941417951tmp surefire_05098121779008082549tmp"/>
    <property name="surefire.test.class.path" value="E:\workspace\Idea_workspace\git_projects\demo\target\test-classes;E:\workspace\Idea_workspace\git_projects\demo\target\classes;D:\maven-repo\repo\org\springframework\boot\spring-boot-starter-thymeleaf\2.6.11\spring-boot-starter-thymeleaf-2.6.11.jar;D:\maven-repo\repo\org\springframework\boot\spring-boot-starter\2.6.11\spring-boot-starter-2.6.11.jar;D:\maven-repo\repo\org\springframework\boot\spring-boot-starter-logging\2.6.11\spring-boot-starter-logging-2.6.11.jar;D:\maven-repo\repo\ch\qos\logback\logback-classic\1.2.11\logback-classic-1.2.11.jar;D:\maven-repo\repo\ch\qos\logback\logback-core\1.2.11\logback-core-1.2.11.jar;D:\maven-repo\repo\org\apache\logging\log4j\log4j-to-slf4j\2.17.2\log4j-to-slf4j-2.17.2.jar;D:\maven-repo\repo\org\apache\logging\log4j\log4j-api\2.17.2\log4j-api-2.17.2.jar;D:\maven-repo\repo\org\slf4j\jul-to-slf4j\1.7.36\jul-to-slf4j-1.7.36.jar;D:\maven-repo\repo\jakarta\annotation\jakarta.annotation-api\1.3.5\jakarta.annotation-api-1.3.5.jar;D:\maven-repo\repo\org\yaml\snakeyaml\1.29\snakeyaml-1.29.jar;D:\maven-repo\repo\org\thymeleaf\thymeleaf-spring5\3.0.15.RELEASE\thymeleaf-spring5-3.0.15.RELEASE.jar;D:\maven-repo\repo\org\thymeleaf\thymeleaf\3.0.15.RELEASE\thymeleaf-3.0.15.RELEASE.jar;D:\maven-repo\repo\org\attoparser\attoparser\2.0.5.RELEASE\attoparser-2.0.5.RELEASE.jar;D:\maven-repo\repo\org\unbescape\unbescape\1.1.6.RELEASE\unbescape-1.1.6.RELEASE.jar;D:\maven-repo\repo\org\thymeleaf\extras\thymeleaf-extras-java8time\3.0.4.RELEASE\thymeleaf-extras-java8time-3.0.4.RELEASE.jar;D:\maven-repo\repo\org\springframework\boot\spring-boot-starter-web\2.6.11\spring-boot-starter-web-2.6.11.jar;D:\maven-repo\repo\org\springframework\boot\spring-boot-starter-json\2.6.11\spring-boot-starter-json-2.6.11.jar;D:\maven-repo\repo\com\fasterxml\jackson\core\jackson-databind\2.13.3\jackson-databind-2.13.3.jar;D:\maven-repo\repo\com\fasterxml\jackson\core\jackson-annotations\2.13.3\jackson-annotations-2.13.3.jar;D:\maven-repo\repo\com\fasterxml\jackson\core\jackson-core\2.13.3\jackson-core-2.13.3.jar;D:\maven-repo\repo\com\fasterxml\jackson\datatype\jackson-datatype-jdk8\2.13.3\jackson-datatype-jdk8-2.13.3.jar;D:\maven-repo\repo\com\fasterxml\jackson\datatype\jackson-datatype-jsr310\2.13.3\jackson-datatype-jsr310-2.13.3.jar;D:\maven-repo\repo\com\fasterxml\jackson\module\jackson-module-parameter-names\2.13.3\jackson-module-parameter-names-2.13.3.jar;D:\maven-repo\repo\org\springframework\boot\spring-boot-starter-tomcat\2.6.11\spring-boot-starter-tomcat-2.6.11.jar;D:\maven-repo\repo\org\apache\tomcat\embed\tomcat-embed-core\9.0.65\tomcat-embed-core-9.0.65.jar;D:\maven-repo\repo\org\apache\tomcat\embed\tomcat-embed-el\9.0.65\tomcat-embed-el-9.0.65.jar;D:\maven-repo\repo\org\apache\tomcat\embed\tomcat-embed-websocket\9.0.65\tomcat-embed-websocket-9.0.65.jar;D:\maven-repo\repo\org\springframework\spring-web\5.3.22\spring-web-5.3.22.jar;D:\maven-repo\repo\org\springframework\spring-beans\5.3.22\spring-beans-5.3.22.jar;D:\maven-repo\repo\org\springframework\spring-webmvc\5.3.22\spring-webmvc-5.3.22.jar;D:\maven-repo\repo\org\springframework\spring-aop\5.3.22\spring-aop-5.3.22.jar;D:\maven-repo\repo\org\springframework\spring-context\5.3.22\spring-context-5.3.22.jar;D:\maven-repo\repo\org\springframework\spring-expression\5.3.22\spring-expression-5.3.22.jar;D:\maven-repo\repo\mysql\mysql-connector-java\5.1.3\mysql-connector-java-5.1.3.jar;D:\maven-repo\repo\com\baomidou\mybatis-plus-boot-starter\3.5.1\mybatis-plus-boot-starter-3.5.1.jar;D:\maven-repo\repo\com\baomidou\mybatis-plus\3.5.1\mybatis-plus-3.5.1.jar;D:\maven-repo\repo\com\baomidou\mybatis-plus-extension\3.5.1\mybatis-plus-extension-3.5.1.jar;D:\maven-repo\repo\com\baomidou\mybatis-plus-core\3.5.1\mybatis-plus-core-3.5.1.jar;D:\maven-repo\repo\com\baomidou\mybatis-plus-annotation\3.5.1\mybatis-plus-annotation-3.5.1.jar;D:\maven-repo\repo\com\github\jsqlparser\jsqlparser\4.3\jsqlparser-4.3.jar;D:\maven-repo\repo\org\mybatis\mybatis\3.5.9\mybatis-3.5.9.jar;D:\maven-repo\repo\org\mybatis\mybatis-spring\2.0.6\mybatis-spring-2.0.6.jar;D:\maven-repo\repo\org\springframework\boot\spring-boot-autoconfigure\2.6.11\spring-boot-autoconfigure-2.6.11.jar;D:\maven-repo\repo\org\springframework\boot\spring-boot-starter-jdbc\2.6.11\spring-boot-starter-jdbc-2.6.11.jar;D:\maven-repo\repo\com\zaxxer\HikariCP\4.0.3\HikariCP-4.0.3.jar;D:\maven-repo\repo\org\springframework\spring-jdbc\5.3.22\spring-jdbc-5.3.22.jar;D:\maven-repo\repo\org\springframework\spring-tx\5.3.22\spring-tx-5.3.22.jar;D:\maven-repo\repo\com\alibaba\druid-spring-boot-starter\1.1.17\druid-spring-boot-starter-1.1.17.jar;D:\maven-repo\repo\com\alibaba\druid\1.1.17\druid-1.1.17.jar;D:\maven-repo\repo\org\slf4j\slf4j-api\1.7.36\slf4j-api-1.7.36.jar;D:\maven-repo\repo\org\springframework\boot\spring-boot-devtools\2.6.11\spring-boot-devtools-2.6.11.jar;D:\maven-repo\repo\org\springframework\boot\spring-boot\2.6.11\spring-boot-2.6.11.jar;D:\maven-repo\repo\org\springframework\boot\spring-boot-configuration-processor\2.6.11\spring-boot-configuration-processor-2.6.11.jar;D:\maven-repo\repo\org\projectlombok\lombok\1.18.24\lombok-1.18.24.jar;D:\maven-repo\repo\org\springframework\boot\spring-boot-starter-test\2.6.11\spring-boot-starter-test-2.6.11.jar;D:\maven-repo\repo\org\springframework\boot\spring-boot-test\2.6.11\spring-boot-test-2.6.11.jar;D:\maven-repo\repo\org\springframework\boot\spring-boot-test-autoconfigure\2.6.11\spring-boot-test-autoconfigure-2.6.11.jar;D:\maven-repo\repo\com\jayway\jsonpath\json-path\2.6.0\json-path-2.6.0.jar;D:\maven-repo\repo\net\minidev\json-smart\2.4.8\json-smart-2.4.8.jar;D:\maven-repo\repo\net\minidev\accessors-smart\2.4.8\accessors-smart-2.4.8.jar;D:\maven-repo\repo\org\ow2\asm\asm\9.1\asm-9.1.jar;D:\maven-repo\repo\jakarta\xml\bind\jakarta.xml.bind-api\2.3.3\jakarta.xml.bind-api-2.3.3.jar;D:\maven-repo\repo\jakarta\activation\jakarta.activation-api\1.2.2\jakarta.activation-api-1.2.2.jar;D:\maven-repo\repo\org\assertj\assertj-core\3.21.0\assertj-core-3.21.0.jar;D:\maven-repo\repo\org\hamcrest\hamcrest\2.2\hamcrest-2.2.jar;D:\maven-repo\repo\org\junit\jupiter\junit-jupiter\5.8.2\junit-jupiter-5.8.2.jar;D:\maven-repo\repo\org\junit\jupiter\junit-jupiter-api\5.8.2\junit-jupiter-api-5.8.2.jar;D:\maven-repo\repo\org\opentest4j\opentest4j\1.2.0\opentest4j-1.2.0.jar;D:\maven-repo\repo\org\junit\platform\junit-platform-commons\1.8.2\junit-platform-commons-1.8.2.jar;D:\maven-repo\repo\org\apiguardian\apiguardian-api\1.1.2\apiguardian-api-1.1.2.jar;D:\maven-repo\repo\org\junit\jupiter\junit-jupiter-params\5.8.2\junit-jupiter-params-5.8.2.jar;D:\maven-repo\repo\org\junit\jupiter\junit-jupiter-engine\5.8.2\junit-jupiter-engine-5.8.2.jar;D:\maven-repo\repo\org\junit\platform\junit-platform-engine\1.8.2\junit-platform-engine-1.8.2.jar;D:\maven-repo\repo\org\mockito\mockito-core\4.0.0\mockito-core-4.0.0.jar;D:\maven-repo\repo\net\bytebuddy\byte-buddy\1.11.22\byte-buddy-1.11.22.jar;D:\maven-repo\repo\net\bytebuddy\byte-buddy-agent\1.11.22\byte-buddy-agent-1.11.22.jar;D:\maven-repo\repo\org\objenesis\objenesis\3.2\objenesis-3.2.jar;D:\maven-repo\repo\org\mockito\mockito-junit-jupiter\4.0.0\mockito-junit-jupiter-4.0.0.jar;D:\maven-repo\repo\org\skyscreamer\jsonassert\1.5.1\jsonassert-1.5.1.jar;D:\maven-repo\repo\com\vaadin\external\google\android-json\0.0.20131108.vaadin1\android-json-0.0.20131108.vaadin1.jar;D:\maven-repo\repo\org\springframework\spring-core\5.3.22\spring-core-5.3.22.jar;D:\maven-repo\repo\org\springframework\spring-jcl\5.3.22\spring-jcl-5.3.22.jar;D:\maven-repo\repo\org\springframework\spring-test\5.3.22\spring-test-5.3.22.jar;D:\maven-repo\repo\org\xmlunit\xmlunit-core\2.8.4\xmlunit-core-2.8.4.jar;D:\maven-repo\repo\net\sf\json-lib\json-lib\2.4\json-lib-2.4-jdk15.jar;D:\maven-repo\repo\commons-beanutils\commons-beanutils\1.8.0\commons-beanutils-1.8.0.jar;D:\maven-repo\repo\commons-collections\commons-collections\3.2.1\commons-collections-3.2.1.jar;D:\maven-repo\repo\commons-lang\commons-lang\2.5\commons-lang-2.5.jar;D:\maven-repo\repo\commons-logging\commons-logging\1.1.1\commons-logging-1.1.1.jar;D:\maven-repo\repo\net\sf\ezmorph\ezmorph\1.0.6\ezmorph-1.0.6.jar;"/>
    <property name="sun.cpu.endian" value="little"/>
    <property name="user.home" value="C:\Users\Administrator"/>
    <property name="user.language" value="zh"/>
    <property name="java.specification.vendor" value="Oracle Corporation"/>
    <property name="java.home" value="C:\Program Files\Java\jdk1.8.0_221\jre"/>
    <property name="basedir" value="E:\workspace\Idea_workspace\git_projects\demo"/>
    <property name="file.separator" value="\"/>
    <property name="line.separator" value="&#10;"/>
    <property name="java.vm.specification.vendor" value="Oracle Corporation"/>
    <property name="java.specification.name" value="Java Platform API Specification"/>
    <property name="java.awt.graphicsenv" value="sun.awt.Win32GraphicsEnvironment"/>
    <property name="surefire.real.class.path" value="C:\Users\ADMINI~1\AppData\Local\Temp\surefire4572857275767990953\surefirebooter5700376232715885653.jar"/>
    <property name="sun.boot.class.path" value="C:\Program Files\Java\jdk1.8.0_221\jre\lib\resources.jar;C:\Program Files\Java\jdk1.8.0_221\jre\lib\rt.jar;C:\Program Files\Java\jdk1.8.0_221\jre\lib\sunrsasign.jar;C:\Program Files\Java\jdk1.8.0_221\jre\lib\jsse.jar;C:\Program Files\Java\jdk1.8.0_221\jre\lib\jce.jar;C:\Program Files\Java\jdk1.8.0_221\jre\lib\charsets.jar;C:\Program Files\Java\jdk1.8.0_221\jre\lib\jfr.jar;C:\Program Files\Java\jdk1.8.0_221\jre\classes"/>
    <property name="user.script" value=""/>
    <property name="sun.management.compiler" value="HotSpot 64-Bit Tiered Compilers"/>
    <property name="java.runtime.version" value="1.8.0_221-b11"/>
    <property name="user.name" value="Administrator"/>
    <property name="path.separator" value=";"/>
    <property name="os.version" value="10.0"/>
    <property name="java.endorsed.dirs" value="C:\Program Files\Java\jdk1.8.0_221\jre\lib\endorsed"/>
    <property name="java.runtime.name" value="Java(TM) SE Runtime Environment"/>
    <property name="file.encoding" value="GBK"/>
    <property name="java.vm.name" value="Java HotSpot(TM) 64-Bit Server VM"/>
    <property name="idea.version2020.1" value="true"/>
    <property name="localRepository" value="D:\maven-repo\repo"/>
    <property name="java.vendor.url.bug" value="http://bugreport.sun.com/bugreport/"/>
    <property name="java.io.tmpdir" value="C:\Users\ADMINI~1\AppData\Local\Temp\"/>
    <property name="java.version" value="1.8.0_221"/>
    <property name="user.dir" value="E:\workspace\Idea_workspace\git_projects\demo"/>
    <property name="os.arch" value="amd64"/>
    <property name="java.vm.specification.name" value="Java Virtual Machine Specification"/>
    <property name="java.awt.printerjob" value="sun.awt.windows.WPrinterJob"/>
    <property name="sun.os.patch.level" value=""/>
    <property name="java.library.path" value="C:\Program Files\Java\jdk1.8.0_221\jre\bin;C:\WINDOWS\Sun\Java\bin;C:\WINDOWS\system32;C:\WINDOWS;C:\Program Files (x86)\Common Files\Oracle\Java\javapath;D:\Program Files\python\Scripts\;D:\Program Files\python\;C:\ProgramData\Miniconda3;C:\ProgramData\Miniconda3\Library\mingw-w64\bin;C:\ProgramData\Miniconda3\Library\usr\bin;C:\ProgramData\Miniconda3\Library\bin;C:\ProgramData\Miniconda3\Scripts;D:\Program Files\VM\bin\;C:\WINDOWS\system32;C:\WINDOWS;C:\WINDOWS\System32\Wbem;C:\WINDOWS\System32\WindowsPowerShell\v1.0\;C:\WINDOWS\System32\OpenSSH\;C:\Program Files\PuTTY\;C:\Program Files (x86)\NetSarang\Xshell 7\;D:\Program Files\texlive\texlive\2022\bin\win32;D:\maven-repo\apache-maven-3.8.6-bin\apache-maven-3.8.6\bin;.;C:\Program Files\Java\jdk1.8.0_221\bin;C:\Program Files\Java\jdk1.8.0_221\jre\bin;."/>
    <property name="java.vm.info" value="mixed mode"/>
    <property name="java.vendor" value="Oracle Corporation"/>
    <property name="java.vm.version" value="25.221-b11"/>
    <property name="java.ext.dirs" value="C:\Program Files\Java\jdk1.8.0_221\jre\lib\ext;C:\WINDOWS\Sun\Java\lib\ext"/>
    <property name="sun.io.unicode.encoding" value="UnicodeLittle"/>
    <property name="maven.repo.local" value="D:\maven-repo\repo"/>
    <property name="java.class.version" value="52.0"/>
  </properties>
  <testcase name="testGetAllCarToCustomerPath" classname="com.example.DemoApplicationTests" time="0.447"/>
  <testcase name="testGetMaps" classname="com.example.DemoApplicationTests" time="0.014"/>
  <testcase name="testGetShortestPath" classname="com.example.DemoApplicationTests" time="0.015"/>
  <testcase name="testGetMapData" classname="com.example.DemoApplicationTests" time="0.018"/>
  <testcase name="testGetMatrix" classname="com.example.DemoApplicationTests" time="0.012"/>
</testsuite>